HTTP/1.1 200 
Server: nginx/1.4.2
Date: Mon, 04 Jan 2021 03:06:22 GMT
Content-Type: application/json;charset=UTF-8
Transfer-Encoding: chunked
Connection: keep-alive

{
    "code": 0,
    "msg": "OK",
    "data": {
        "id": 10009241,
        "leave_amount": 0.0,
        "mobile_phone": "13326630587",
        "reg_name": "",
        "reg_time": "2021-01-04 11:06:20.0",
        "type": 1,
        "token_info": {
            "token_type": "Bearer",
            "expires_in": "2021-01-04 11:11:22",
            "token": "eyJhbGciOiJIUzUxMiJ9.eyJtZW1iZXJfaWQiOjEwMDA5MjQxLCJleHAiOjE2MDk3Mjk4ODJ9.TvhB2SaGzkceUxWDJ5jh1rY9k0SYlnq8XkZyVzAfvCq3OE_m23wsc4bDjzXILBDaF_Z72b6nOcuMzPrmWpFcnA"
        }
    },
    "copyright": "Copyright 柠檬班 © 2017-2020 湖南省零檬信息技术有限公司 All Rights Reserved"
}
